(1/5) Starting Filesystem Observer
(2/5) Starting Database
(3/5) Starting Workers
(4/5) Starting Simulations
(5/5) Starting Deleter
Solving conduit eqtn.
Solving conduit eqtn.
 Time interval:  [0,600]
 Time interval:  [0,600]
Time = 0, inc = 1/600
Time = 0, inc = 1/600
Time = 1.0017, inc = 2/600, computation time left = 0d 1h 23m 30.1908s
Time = 1.0017, inc = 2/600, computation time left = 0d 2h 51m 36.8496s
Time = 2.0033, inc = 3/600, computation time left = 0d 2h 16m 52.7776s
Time = 2.0033, inc = 3/600, computation time left = 0d 3h 21m 6.1445s
Time = 3.005, inc = 4/600, computation time left = 0d 2h 44m 13.5473s
Time = 3.005, inc = 4/600, computation time left = 0d 3h 46m 34.93s
Time = 4.0067, inc = 5/600, computation time left = 0d 3h 1m 7.7779s
Time = 4.0067, inc = 5/600, computation time left = 0d 3h 51m 57.6715s
Time = 5.0083, inc = 6/600, computation time left = 0d 3h 13m 49.4442s
Time = 5.0083, inc = 6/600, computation time left = 0d 3h 49m 0.8296s
Time = 6.01, inc = 7/600, computation time left = 0d 3h 33m 7.8006s
Time = 6.01, inc = 7/600, computation time left = 0d 4h 5m 17.0905s
Time = 7.0117, inc = 8/600, computation time left = 0d 3h 35m 54.3767s
Time = 7.0117, inc = 8/600, computation time left = 0d 4h 6m 50.4572s
Time = 8.0134, inc = 9/600, computation time left = 0d 3h 39m 14.4896s
Time = 8.0134, inc = 9/600, computation time left = 0d 4h 2m 25.9643s
Time = 9.015, inc = 10/600, computation time left = 0d 3h 52m 41.1202s
Time = 9.015, inc = 10/600, computation time left = 0d 4h 0m 43.1503s
Time = 10.0167, inc = 11/600, computation time left = 0d 4h 2m 25.7979s
Time = 10.0167, inc = 11/600, computation time left = 0d 4h 3m 1.2929s
Time = 11.0184, inc = 12/600, computation time left = 0d 3h 57m 59.6039s
Time = 11.0184, inc = 12/600, computation time left = 0d 4h 8m 38.3311s
Time = 12.02, inc = 13/600, computation time left = 0d 3h 58m 25.7894s
Time = 12.02, inc = 13/600, computation time left = 0d 4h 10m 29.2845s
Time = 13.0217, inc = 14/600, computation time left = 0d 4h 4m 29.8872s
Time = 13.0217, inc = 14/600, computation time left = 0d 4h 7m 59.0867s
Time = 14.0234, inc = 15/600, computation time left = 0d 4h 7m 40.5419s
Time = 14.0234, inc = 15/600, computation time left = 0d 4h 9m 12.8384s
Time = 15.025, inc = 16/600, computation time left = 0d 4h 9m 27.3043s
Time = 15.025, inc = 16/600, computation time left = 0d 4h 11m 12.4413s
Time = 16.0267, inc = 17/600, computation time left = 0d 4h 8m 27.9663s
Time = 16.0267, inc = 17/600, computation time left = 0d 4h 12m 12.7407s
Time = 17.0284, inc = 18/600, computation time left = 0d 4h 10m 5.3865s
Time = 17.0284, inc = 18/600, computation time left = 0d 4h 11m 3.7103s
Time = 18.0301, inc = 19/600, computation time left = 0d 4h 10m 45.402s
Time = 18.0301, inc = 19/600, computation time left = 0d 4h 11m 38.3898s
Time = 19.0317, inc = 20/600, computation time left = 0d 4h 10m 34.9661s
Time = 19.0317, inc = 20/600, computation time left = 0d 4h 13m 0.7982s
Time = 20.0334, inc = 21/600, computation time left = 0d 4h 10m 47.1254s
Time = 20.0334, inc = 21/600, computation time left = 0d 4h 12m 8.6402s
Time = 21.0351, inc = 22/600, computation time left = 0d 4h 9m 45.3228s
Time = 21.0351, inc = 22/600, computation time left = 0d 4h 15m 10.0413s
Time = 22.0367, inc = 23/600, computation time left = 0d 4h 7m 24.8235s
Time = 22.0367, inc = 23/600, computation time left = 0d 4h 13m 35.4686s
Time = 23.0384, inc = 24/600, computation time left = 0d 4h 10m 29.87s
Time = 23.0384, inc = 24/600, computation time left = 0d 4h 15m 42.7707s
Time = 24.0401, inc = 25/600, computation time left = 0d 4h 9m 10.2754s
Time = 24.0401, inc = 25/600, computation time left = 0d 4h 15m 46.0619s
Time = 25.0417, inc = 26/600, computation time left = 0d 4h 11m 23.111s
Time = 25.0417, inc = 26/600, computation time left = 0d 4h 14m 38.2721s
Time = 26.0434, inc = 27/600, computation time left = 0d 4h 11m 44.0864s
Time = 26.0434, inc = 27/600, computation time left = 0d 4h 16m 19.7908s
Time = 27.0451, inc = 28/600, computation time left = 0d 4h 9m 49.1625s
Time = 28.0467, inc = 29/600, computation time left = 0d 4h 7m 49.8995s
Time = 27.0451, inc = 28/600, computation time left = 0d 4h 18m 56.3698s
Time = 29.0484, inc = 30/600, computation time left = 0d 4h 7m 33.3985s
Time = 28.0467, inc = 29/600, computation time left = 0d 4h 21m 19.2693s
Time = 30.0501, inc = 31/600, computation time left = 0d 4h 7m 14.9077s
Time = 31.0518, inc = 32/600, computation time left = 0d 4h 6m 19.4002s
Time = 29.0484, inc = 30/600, computation time left = 0d 4h 23m 44.3825s
Time = 32.0534, inc = 33/600, computation time left = 0d 4h 6m 2.9017s
Time = 30.0501, inc = 31/600, computation time left = 0d 4h 24m 18.6386s
Time = 33.0551, inc = 34/600, computation time left = 0d 4h 6m 31.6135s
Time = 31.0518, inc = 32/600, computation time left = 0d 4h 24m 49.1358s
Time = 32.0534, inc = 33/600, computation time left = 0d 4h 21m 15.7136s
Time = 34.0568, inc = 35/600, computation time left = 0d 4h 9m 55.4508s
Time = 33.0551, inc = 34/600, computation time left = 0d 4h 17m 51.9772s
Time = 35.0584, inc = 36/600, computation time left = 0d 4h 8m 11.8107s
Time = 34.0568, inc = 35/600, computation time left = 0d 4h 17m 35.0928s
Time = 36.0601, inc = 37/600, computation time left = 0d 4h 6m 36.9391s
Time = 35.0584, inc = 36/600, computation time left = 0d 4h 18m 5.8218s
Time = 37.0618, inc = 38/600, computation time left = 0d 4h 7m 29.9055s
Time = 36.0601, inc = 37/600, computation time left = 0d 4h 18m 4.7382s
Time = 38.0634, inc = 39/600, computation time left = 0d 4h 7m 40.0295s
Time = 37.0618, inc = 38/600, computation time left = 0d 4h 16m 56.9556s
Time = 38.0634, inc = 39/600, computation time left = 0d 4h 15m 13.6954s
Time = 39.0651, inc = 40/600, computation time left = 0d 4h 9m 57.1243s
Time = 39.0651, inc = 40/600, computation time left = 0d 4h 10m 55.9842s
Time = 40.0668, inc = 41/600, computation time left = 0d 4h 8m 50.3534s
Time = 40.0668, inc = 41/600, computation time left = 0d 4h 11m 4.4796s
Time = 41.0684, inc = 42/600, computation time left = 0d 4h 6m 1.68s
Time = 42.0701, inc = 43/600, computation time left = 0d 4h 3m 9.2873s
Time = 43.0718, inc = 44/600, computation time left = 0d 4h 0m 22.7349s
Time = 41.0684, inc = 42/600, computation time left = 0d 4h 13m 50.1211s
Time = 44.0735, inc = 45/600, computation time left = 0d 3h 56m 27.3679s
Time = 45.0751, inc = 46/600, computation time left = 0d 3h 52m 54.0164s
Time = 46.0768, inc = 47/600, computation time left = 0d 3h 49m 13.8289s
Time = 47.0785, inc = 48/600, computation time left = 0d 3h 47m 41.6117s
Time = 42.0701, inc = 43/600, computation time left = 0d 4h 18m 7.7425s
Time = 48.0801, inc = 49/600, computation time left = 0d 3h 44m 39.4391s
Time = 49.0818, inc = 50/600, computation time left = 0d 3h 41m 31.4773s
Time = 50.0835, inc = 51/600, computation time left = 0d 3h 40m 12.4293s
Time = 43.0718, inc = 44/600, computation time left = 0d 4h 20m 41.1436s
Time = 51.0851, inc = 52/600, computation time left = 0d 3h 37m 56.9146s
Time = 52.0868, inc = 53/600, computation time left = 0d 3h 36m 37.4332s
Time = 53.0885, inc = 54/600, computation time left = 0d 3h 34m 28.9696s
Time = 44.0735, inc = 45/600, computation time left = 0d 4h 22m 29.9032s
Time = 54.0902, inc = 55/600, computation time left = 0d 3h 31m 41.3549s
Time = 55.0918, inc = 56/600, computation time left = 0d 3h 29m 38.6218s
Time = 56.0935, inc = 57/600, computation time left = 0d 3h 28m 22.0967s
Time = 45.0751, inc = 46/600, computation time left = 0d 4h 24m 40.1352s
Time = 57.0952, inc = 58/600, computation time left = 0d 3h 26m 15.6005s
Time = 58.0968, inc = 59/600, computation time left = 0d 3h 25m 22.9175s
Time = 46.0768, inc = 47/600, computation time left = 0d 4h 25m 41.3212s
Time = 59.0985, inc = 60/600, computation time left = 0d 3h 24m 26.3531s
Time = 60.1002, inc = 61/600, computation time left = 0d 3h 23m 24.979s
Time = 47.0785, inc = 48/600, computation time left = 0d 4h 26m 11.7539s
Time = 61.1018, inc = 62/600, computation time left = 0d 3h 22m 29.2126s
Time = 62.1035, inc = 63/600, computation time left = 0d 3h 21m 9.3818s
Time = 63.1052, inc = 64/600, computation time left = 0d 3h 18m 52.738s
Time = 48.0801, inc = 49/600, computation time left = 0d 4h 28m 17.8267s
Time = 64.1068, inc = 65/600, computation time left = 0d 3h 16m 58.9494s
Time = 65.1085, inc = 66/600, computation time left = 0d 3h 14m 49.9813s
Time = 66.1102, inc = 67/600, computation time left = 0d 3h 12m 59.4977s
Time = 67.1119, inc = 68/600, computation time left = 0d 3h 10m 59.9694s
Time = 68.1135, inc = 69/600, computation time left = 0d 3h 9m 38.1149s
Time = 69.1152, inc = 70/600, computation time left = 0d 3h 7m 42.23s
Time = 49.0818, inc = 50/600, computation time left = 0d 4h 33m 22.8057s
Time = 70.1169, inc = 71/600, computation time left = 0d 3h 6m 2.6775s
Time = 71.1185, inc = 72/600, computation time left = 0d 3h 4m 12.8592s
Time = 72.1202, inc = 73/600, computation time left = 0d 3h 3m 7.8279s
Time = 50.0835, inc = 51/600, computation time left = 0d 4h 35m 46.3813s
Time = 73.1219, inc = 74/600, computation time left = 0d 3h 2m 16.9765s
Time = 74.1235, inc = 75/600, computation time left = 0d 3h 1m 46.9459s
Time = 51.0851, inc = 52/600, computation time left = 0d 4h 35m 44.1533s
Time = 75.1252, inc = 76/600, computation time left = 0d 3h 0m 46.4634s
Time = 76.1269, inc = 77/600, computation time left = 0d 3h 0m 17.1081s
Time = 52.0868, inc = 53/600, computation time left = 0d 4h 36m 9.5713s
Time = 77.1285, inc = 78/600, computation time left = 0d 2h 59m 46.4883s
Time = 78.1302, inc = 79/600, computation time left = 0d 2h 59m 10.8716s
Time = 53.0885, inc = 54/600, computation time left = 0d 4h 36m 25.2067s
Time = 79.1319, inc = 80/600, computation time left = 0d 2h 58m 44.5476s
Time = 54.0902, inc = 55/600, computation time left = 0d 4h 34m 30.3972s
Time = 80.1336, inc = 81/600, computation time left = 0d 2h 59m 12.5276s
Time = 55.0918, inc = 56/600, computation time left = 0d 4h 32m 56.4039s
Time = 56.0935, inc = 57/600, computation time left = 0d 4h 31m 35.9212s
Time = 81.1352, inc = 82/600, computation time left = 0d 3h 0m 25.9353s
Time = 82.1369, inc = 83/600, computation time left = 0d 2h 58m 48.7932s
Time = 83.1386, inc = 84/600, computation time left = 0d 2h 57m 31.3231s
Time = 84.1402, inc = 85/600, computation time left = 0d 2h 56m 58.8798s
Time = 57.0952, inc = 58/600, computation time left = 0d 4h 34m 7.3751s
Time = 85.1419, inc = 86/600, computation time left = 0d 2h 57m 15.3542s
Time = 58.0968, inc = 59/600, computation time left = 0d 4h 32m 37.3072s
Time = 86.1436, inc = 87/600, computation time left = 0d 2h 57m 44.9464s
Time = 59.0985, inc = 60/600, computation time left = 0d 4h 31m 53.4721s
Time = 87.1452, inc = 88/600, computation time left = 0d 2h 57m 45.8219s
Time = 88.1469, inc = 89/600, computation time left = 0d 2h 56m 46.5981s
Time = 60.1002, inc = 61/600, computation time left = 0d 4h 32m 48.0442s
Time = 89.1486, inc = 90/600, computation time left = 0d 2h 56m 14.6479s
Time = 61.1018, inc = 62/600, computation time left = 0d 4h 32m 13.5683s
Time = 90.1503, inc = 91/600, computation time left = 0d 2h 55m 47.5042s
Time = 91.1519, inc = 92/600, computation time left = 0d 2h 54m 56.1254s
Time = 92.1536, inc = 93/600, computation time left = 0d 2h 54m 13.2069s
Time = 62.1035, inc = 63/600, computation time left = 0d 4h 33m 35.4094s
Time = 93.1553, inc = 94/600, computation time left = 0d 2h 52m 49.7063s
Time = 94.1569, inc = 95/600, computation time left = 0d 2h 51m 30.5838s
Time = 95.1586, inc = 96/600, computation time left = 0d 2h 50m 23.1007s
Time = 96.1603, inc = 97/600, computation time left = 0d 2h 49m 8.5555s
Time = 97.1619, inc = 98/600, computation time left = 0d 2h 47m 58.2653s
Time = 98.1636, inc = 99/600, computation time left = 0d 2h 47m 4.2026s
Time = 63.1052, inc = 64/600, computation time left = 0d 4h 36m 46.2697s
Time = 99.1653, inc = 100/600, computation time left = 0d 2h 45m 48.2955s
Time = 100.1669, inc = 101/600, computation time left = 0d 2h 44m 42.2066s
Time = 101.1686, inc = 102/600, computation time left = 0d 2h 43m 35.1997s
Time = 102.1703, inc = 103/600, computation time left = 0d 2h 42m 30.518s
Time = 103.172, inc = 104/600, computation time left = 0d 2h 41m 26.7235s
Time = 104.1736, inc = 105/600, computation time left = 0d 2h 40m 25.2709s
Time = 64.1068, inc = 65/600, computation time left = 0d 4h 40m 51.8513s
Time = 105.1753, inc = 106/600, computation time left = 0d 2h 39m 18.6411s
Time = 106.177, inc = 107/600, computation time left = 0d 2h 38m 12.5795s
Time = 107.1786, inc = 108/600, computation time left = 0d 2h 37m 53.8479s
Time = 65.1085, inc = 66/600, computation time left = 0d 4h 41m 53.3827s
Time = 108.1803, inc = 109/600, computation time left = 0d 2h 37m 11.1285s
Time = 109.182, inc = 110/600, computation time left = 0d 2h 36m 49.4305s
Time = 110.1836, inc = 111/600, computation time left = 0d 2h 36m 4.3646s
Time = 66.1102, inc = 67/600, computation time left = 0d 4h 42m 20.1113s
Time = 111.1853, inc = 112/600, computation time left = 0d 2h 35m 0.762s
Time = 112.187, inc = 113/600, computation time left = 0d 2h 34m 3.7309s
Time = 113.1886, inc = 114/600, computation time left = 0d 2h 33m 8.4273s
Time = 114.1903, inc = 115/600, computation time left = 0d 2h 32m 35.2063s
Time = 115.192, inc = 116/600, computation time left = 0d 2h 31m 43.8082s
Time = 67.1119, inc = 68/600, computation time left = 0d 4h 44m 30.3444s
Time = 68.1135, inc = 69/600, computation time left = 0d 4h 42m 38.4583s
Time = 116.1937, inc = 117/600, computation time left = 0d 2h 31m 46.4711s
Time = 117.1953, inc = 118/600, computation time left = 0d 2h 31m 51.5938s
Time = 69.1152, inc = 70/600, computation time left = 0d 4h 42m 6.6605s
Time = 118.197, inc = 119/600, computation time left = 0d 2h 31m 39.3846s
Time = 70.1169, inc = 71/600, computation time left = 0d 4h 41m 17.1272s
Time = 119.1987, inc = 120/600, computation time left = 0d 2h 31m 42.5169s
Time = 71.1185, inc = 72/600, computation time left = 0d 4h 40m 17.868s
Time = 120.2003, inc = 121/600, computation time left = 0d 2h 31m 57.2509s
Time = 72.1202, inc = 73/600, computation time left = 0d 4h 38m 42.9977s
Time = 121.202, inc = 122/600, computation time left = 0d 2h 32m 23.7643s
Time = 73.1219, inc = 74/600, computation time left = 0d 4h 37m 18.3365s
Time = 122.2037, inc = 123/600, computation time left = 0d 2h 32m 19.5007s
Time = 74.1235, inc = 75/600, computation time left = 0d 4h 36m 33.4477s
Time = 75.1252, inc = 76/600, computation time left = 0d 4h 35m 2.1607s
Time = 123.2053, inc = 124/600, computation time left = 0d 2h 33m 7.9215s
Time = 124.207, inc = 125/600, computation time left = 0d 2h 33m 16.145s
Time = 76.1269, inc = 77/600, computation time left = 0d 4h 34m 40.4591s
Time = 125.2087, inc = 126/600, computation time left = 0d 2h 33m 4.0138s
Time = 77.1285, inc = 78/600, computation time left = 0d 4h 33m 55.9556s
Time = 126.2104, inc = 127/600, computation time left = 0d 2h 33m 28.3496s
Time = 78.1302, inc = 79/600, computation time left = 0d 4h 32m 18.4995s
Time = 79.1319, inc = 80/600, computation time left = 0d 4h 30m 57.3701s
Time = 127.212, inc = 128/600, computation time left = 0d 2h 33m 53.3972s
Time = 128.2137, inc = 129/600, computation time left = 0d 2h 33m 31.8988s
Time = 80.1336, inc = 81/600, computation time left = 0d 4h 30m 36.2344s
Time = 81.1352, inc = 82/600, computation time left = 0d 4h 29m 16.1451s
Time = 129.2154, inc = 130/600, computation time left = 0d 2h 34m 7.1529s
Time = 82.1369, inc = 83/600, computation time left = 0d 4h 28m 16.0183s
Time = 130.217, inc = 131/600, computation time left = 0d 2h 34m 29.3676s
Time = 83.1386, inc = 84/600, computation time left = 0d 4h 26m 57.2794s
Time = 131.2187, inc = 132/600, computation time left = 0d 2h 35m 7.5065s
Time = 84.1402, inc = 85/600, computation time left = 0d 4h 26m 16.1868s
Time = 132.2204, inc = 133/600, computation time left = 0d 2h 35m 4.8069s
Time = 85.1419, inc = 86/600, computation time left = 0d 4h 25m 38.5072s
Time = 133.222, inc = 134/600, computation time left = 0d 2h 34m 59.2425s
Time = 86.1436, inc = 87/600, computation time left = 0d 4h 25m 1.7483s
Time = 134.2237, inc = 135/600, computation time left = 0d 2h 34m 56.842s
Time = 87.1452, inc = 88/600, computation time left = 0d 4h 23m 41.3248s
Time = 135.2254, inc = 136/600, computation time left = 0d 2h 35m 4.1216s
Time = 136.227, inc = 137/600, computation time left = 0d 2h 35m 0.2017s
Time = 88.1469, inc = 89/600, computation time left = 0d 4h 23m 23.4303s
Time = 137.2287, inc = 138/600, computation time left = 0d 2h 34m 57.0173s
Time = 89.1486, inc = 90/600, computation time left = 0d 4h 22m 21.228s
Time = 90.1503, inc = 91/600, computation time left = 0d 4h 21m 25.6937s
Time = 138.2304, inc = 139/600, computation time left = 0d 2h 35m 1.4681s
Time = 91.1519, inc = 92/600, computation time left = 0d 4h 20m 2.7063s
Time = 139.2321, inc = 140/600, computation time left = 0d 2h 35m 29.9242s
Time = 92.1536, inc = 93/600, computation time left = 0d 4h 18m 54.4785s
Time = 93.1553, inc = 94/600, computation time left = 0d 4h 17m 46.4583s
Time = 140.2337, inc = 141/600, computation time left = 0d 2h 36m 18.1355s
Time = 94.1569, inc = 95/600, computation time left = 0d 4h 16m 26.3522s
Time = 95.1586, inc = 96/600, computation time left = 0d 4h 15m 20.6532s
Time = 141.2354, inc = 142/600, computation time left = 0d 2h 37m 12.466s
Time = 96.1603, inc = 97/600, computation time left = 0d 4h 14m 39.2287s
Time = 142.2371, inc = 143/600, computation time left = 0d 2h 37m 23.458s
Time = 97.1619, inc = 98/600, computation time left = 0d 4h 13m 44.6875s
Time = 143.2387, inc = 144/600, computation time left = 0d 2h 37m 42.1049s
Time = 98.1636, inc = 99/600, computation time left = 0d 4h 13m 27.4564s
Time = 144.2404, inc = 145/600, computation time left = 0d 2h 37m 33.5762s
Time = 99.1653, inc = 100/600, computation time left = 0d 4h 12m 32.0735s
Time = 145.2421, inc = 146/600, computation time left = 0d 2h 37m 27.4822s
Time = 100.1669, inc = 101/600, computation time left = 0d 4h 12m 0.6995s
Time = 146.2437, inc = 147/600, computation time left = 0d 2h 37m 25.5619s
Time = 101.1686, inc = 102/600, computation time left = 0d 4h 10m 59.2083s
Time = 147.2454, inc = 148/600, computation time left = 0d 2h 37m 25.1481s
Time = 102.1703, inc = 103/600, computation time left = 0d 4h 10m 50.5439s
Time = 148.2471, inc = 149/600, computation time left = 0d 2h 37m 34.7342s
Time = 103.172, inc = 104/600, computation time left = 0d 4h 10m 19.8329s
Time = 149.2487, inc = 150/600, computation time left = 0d 2h 38m 13.3745s
Time = 104.1736, inc = 105/600, computation time left = 0d 4h 9m 51.626s
Time = 105.1753, inc = 106/600, computation time left = 0d 4h 9m 20.1911s
Time = 150.2504, inc = 151/600, computation time left = 0d 2h 39m 8.5385s
Time = 106.177, inc = 107/600, computation time left = 0d 4h 8m 54.1853s
Time = 151.2521, inc = 152/600, computation time left = 0d 2h 40m 9.0581s
Time = 107.1786, inc = 108/600, computation time left = 0d 4h 8m 18.9614s
Time = 108.1803, inc = 109/600, computation time left = 0d 4h 8m 2.7994s
Time = 152.2538, inc = 153/600, computation time left = 0d 2h 40m 58.0361s
Time = 153.2554, inc = 154/600, computation time left = 0d 2h 40m 55.6519s
Time = 109.182, inc = 110/600, computation time left = 0d 4h 8m 37.6282s
Time = 154.2571, inc = 155/600, computation time left = 0d 2h 41m 11.5386s
Time = 110.1836, inc = 111/600, computation time left = 0d 4h 8m 4.5221s
Time = 155.2588, inc = 156/600, computation time left = 0d 2h 41m 39.2943s
Time = 111.1853, inc = 112/600, computation time left = 0d 4h 7m 36.9617s
Time = 156.2604, inc = 157/600, computation time left = 0d 2h 41m 48.5119s
Time = 112.187, inc = 113/600, computation time left = 0d 4h 7m 45.3956s
Time = 157.2621, inc = 158/600, computation time left = 0d 2h 42m 2.0786s
Time = 113.1886, inc = 114/600, computation time left = 0d 4h 7m 20.9361s
Time = 158.2638, inc = 159/600, computation time left = 0d 2h 42m 9.581s
Time = 114.1903, inc = 115/600, computation time left = 0d 4h 7m 13.0895s
Time = 159.2654, inc = 160/600, computation time left = 0d 2h 42m 23.6822s
Time = 115.192, inc = 116/600, computation time left = 0d 4h 6m 54.862s
Time = 160.2671, inc = 161/600, computation time left = 0d 2h 42m 45.5827s
Time = 116.1937, inc = 117/600, computation time left = 0d 4h 6m 33.6762s
Time = 161.2688, inc = 162/600, computation time left = 0d 2h 42m 52.1427s
Time = 117.1953, inc = 118/600, computation time left = 0d 4h 6m 33.5318s
Time = 162.2705, inc = 163/600, computation time left = 0d 2h 42m 59.7065s
Time = 118.197, inc = 119/600, computation time left = 0d 4h 6m 18.694s
Time = 163.2721, inc = 164/600, computation time left = 0d 2h 43m 6.8924s
Time = 119.1987, inc = 120/600, computation time left = 0d 4h 6m 8.8621s
Time = 164.2738, inc = 165/600, computation time left = 0d 2h 43m 17.1601s
Time = 120.2003, inc = 121/600, computation time left = 0d 4h 5m 47.972s
Time = 165.2755, inc = 166/600, computation time left = 0d 2h 43m 17.3124s
Time = 121.202, inc = 122/600, computation time left = 0d 4h 5m 55.7361s
Time = 166.2771, inc = 167/600, computation time left = 0d 2h 43m 24.0442s
Time = 122.2037, inc = 123/600, computation time left = 0d 4h 5m 49.2945s
Time = 167.2788, inc = 168/600, computation time left = 0d 2h 43m 23.9627s
Time = 123.2053, inc = 124/600, computation time left = 0d 4h 5m 25.5808s
Time = 168.2805, inc = 169/600, computation time left = 0d 2h 43m 27.4105s
Time = 124.207, inc = 125/600, computation time left = 0d 4h 4m 50.8459s
Time = 169.2821, inc = 170/600, computation time left = 0d 2h 43m 34.2825s
Time = 125.2087, inc = 126/600, computation time left = 0d 4h 4m 55.2882s
Time = 170.2838, inc = 171/600, computation time left = 0d 2h 43m 39.3914s
Time = 126.2104, inc = 127/600, computation time left = 0d 4h 4m 33.129s
Time = 171.2855, inc = 172/600, computation time left = 0d 2h 43m 53.0241s
Time = 172.2871, inc = 173/600, computation time left = 0d 2h 43m 30.5426s
Time = 127.212, inc = 128/600, computation time left = 0d 4h 4m 28.306s
Time = 173.2888, inc = 174/600, computation time left = 0d 2h 43m 22.6786s
Time = 128.2137, inc = 129/600, computation time left = 0d 4h 4m 26.3853s
Time = 174.2905, inc = 175/600, computation time left = 0d 2h 43m 29.6974s
Time = 129.2154, inc = 130/600, computation time left = 0d 4h 3m 54.4301s
Time = 175.2922, inc = 176/600, computation time left = 0d 2h 43m 30.859s
Time = 130.217, inc = 131/600, computation time left = 0d 4h 3m 46.9193s
Time = 176.2938, inc = 177/600, computation time left = 0d 2h 43m 41.7043s
Time = 131.2187, inc = 132/600, computation time left = 0d 4h 3m 14.964s
Time = 177.2955, inc = 178/600, computation time left = 0d 2h 43m 42.4179s
Time = 132.2204, inc = 133/600, computation time left = 0d 4h 3m 8.1429s
Time = 178.2972, inc = 179/600, computation time left = 0d 2h 43m 38.7945s
Time = 133.222, inc = 134/600, computation time left = 0d 4h 3m 5.3728s
Time = 179.2988, inc = 180/600, computation time left = 0d 2h 43m 36.434s
Time = 134.2237, inc = 135/600, computation time left = 0d 4h 2m 26.5005s
Time = 180.3005, inc = 181/600, computation time left = 0d 2h 43m 35.5754s
Time = 135.2254, inc = 136/600, computation time left = 0d 4h 2m 17.6652s
Time = 181.3022, inc = 182/600, computation time left = 0d 2h 43m 44.1419s
Time = 136.227, inc = 137/600, computation time left = 0d 4h 1m 40.3966s
Time = 182.3038, inc = 183/600, computation time left = 0d 2h 44m 1.3485s
Time = 137.2287, inc = 138/600, computation time left = 0d 4h 1m 5.0476s
Time = 138.2304, inc = 139/600, computation time left = 0d 4h 0m 43.7426s
Time = 183.3055, inc = 184/600, computation time left = 0d 2h 44m 9.7477s
Time = 184.3072, inc = 185/600, computation time left = 0d 2h 44m 8.2465s
Time = 139.2321, inc = 140/600, computation time left = 0d 4h 0m 33.6903s
Time = 185.3088, inc = 186/600, computation time left = 0d 2h 44m 5.1763s
Time = 140.2337, inc = 141/600, computation time left = 0d 4h 0m 9.6813s
Time = 141.2354, inc = 142/600, computation time left = 0d 3h 59m 31.9507s
Time = 186.3105, inc = 187/600, computation time left = 0d 2h 44m 14.5976s
Time = 187.3122, inc = 188/600, computation time left = 0d 2h 44m 11.8517s
Time = 142.2371, inc = 143/600, computation time left = 0d 3h 59m 30.1436s
Time = 188.3139, inc = 189/600, computation time left = 0d 2h 44m 7.8953s
Time = 143.2387, inc = 144/600, computation time left = 0d 3h 59m 1.0815s
Time = 189.3155, inc = 190/600, computation time left = 0d 2h 44m 3.7918s
Time = 144.2404, inc = 145/600, computation time left = 0d 3h 58m 45.5784s
Time = 145.2421, inc = 146/600, computation time left = 0d 3h 58m 7.7974s
Time = 190.3172, inc = 191/600, computation time left = 0d 2h 44m 10.3799s
Time = 191.3189, inc = 192/600, computation time left = 0d 2h 44m 6.0901s
Time = 146.2437, inc = 147/600, computation time left = 0d 3h 58m 12.0548s
Time = 192.3205, inc = 193/600, computation time left = 0d 2h 43m 58.1731s
Time = 147.2454, inc = 148/600, computation time left = 0d 3h 57m 47.2015s
Time = 193.3222, inc = 194/600, computation time left = 0d 2h 43m 48.6032s
Time = 148.2471, inc = 149/600, computation time left = 0d 3h 57m 26.9044s
Time = 194.3239, inc = 195/600, computation time left = 0d 2h 43m 42.1268s
Time = 149.2487, inc = 150/600, computation time left = 0d 3h 57m 7.4476s
Time = 195.3255, inc = 196/600, computation time left = 0d 2h 43m 47.4138s
Time = 150.2504, inc = 151/600, computation time left = 0d 3h 56m 32.5077s
Time = 196.3272, inc = 197/600, computation time left = 0d 2h 43m 34.2866s
Time = 151.2521, inc = 152/600, computation time left = 0d 3h 56m 30.2205s
Time = 197.3289, inc = 198/600, computation time left = 0d 2h 43m 27.2614s
Time = 152.2538, inc = 153/600, computation time left = 0d 3h 56m 1.3726s
Time = 198.3306, inc = 199/600, computation time left = 0d 2h 43m 20.8111s
Time = 153.2554, inc = 154/600, computation time left = 0d 3h 55m 49.8858s
Time = 199.3322, inc = 200/600, computation time left = 0d 2h 43m 12.3023s
Time = 154.2571, inc = 155/600, computation time left = 0d 3h 55m 18.5126s
Time = 200.3339, inc = 201/600, computation time left = 0d 2h 43m 17.2011s
Time = 155.2588, inc = 156/600, computation time left = 0d 3h 54m 41.7535s
Time = 201.3356, inc = 202/600, computation time left = 0d 2h 43m 29.4413s
Time = 156.2604, inc = 157/600, computation time left = 0d 3h 54m 9.0775s
Time = 157.2621, inc = 158/600, computation time left = 0d 3h 53m 39.3958s
Time = 202.3372, inc = 203/600, computation time left = 0d 2h 43m 34.6608s
Time = 158.2638, inc = 159/600, computation time left = 0d 3h 53m 11.1198s
Time = 203.3389, inc = 204/600, computation time left = 0d 2h 43m 54.2761s
Time = 159.2654, inc = 160/600, computation time left = 0d 3h 52m 33.7497s
Time = 204.3406, inc = 205/600, computation time left = 0d 2h 43m 42.9498s
Time = 160.2671, inc = 161/600, computation time left = 0d 3h 52m 28.6522s
Time = 205.3422, inc = 206/600, computation time left = 0d 2h 43m 46.3144s
Time = 161.2688, inc = 162/600, computation time left = 0d 3h 51m 50.9318s
Time = 162.2705, inc = 163/600, computation time left = 0d 3h 51m 20.7566s
Time = 206.3439, inc = 207/600, computation time left = 0d 2h 43m 54.6677s
Time = 163.2721, inc = 164/600, computation time left = 0d 3h 50m 50.8248s
Time = 207.3456, inc = 208/600, computation time left = 0d 2h 43m 53.0659s
Time = 164.2738, inc = 165/600, computation time left = 0d 3h 50m 41.3292s
Time = 208.3472, inc = 209/600, computation time left = 0d 2h 43m 43.4693s
Time = 165.2755, inc = 166/600, computation time left = 0d 3h 50m 11.7529s
Time = 209.3489, inc = 210/600, computation time left = 0d 2h 43m 33.4217s
Time = 210.3506, inc = 211/600, computation time left = 0d 2h 43m 23.6575s
Time = 166.2771, inc = 167/600, computation time left = 0d 3h 49m 51.5632s
Time = 211.3523, inc = 212/600, computation time left = 0d 2h 43m 14.136s
Time = 167.2788, inc = 168/600, computation time left = 0d 3h 49m 26.8358s
Time = 212.3539, inc = 213/600, computation time left = 0d 2h 43m 6.0475s
Time = 168.2805, inc = 169/600, computation time left = 0d 3h 49m 1.4515s
Time = 213.3556, inc = 214/600, computation time left = 0d 2h 42m 47.776s
Time = 169.2821, inc = 170/600, computation time left = 0d 3h 48m 42.0906s
Time = 214.3573, inc = 215/600, computation time left = 0d 2h 42m 32.926s
Time = 215.3589, inc = 216/600, computation time left = 0d 2h 41m 59.0866s
Time = 170.2838, inc = 171/600, computation time left = 0d 3h 48m 47.1487s
Time = 216.3606, inc = 217/600, computation time left = 0d 2h 41m 43.5222s
Time = 171.2855, inc = 172/600, computation time left = 0d 3h 48m 8.7286s
Time = 217.3623, inc = 218/600, computation time left = 0d 2h 41m 24.1139s
Time = 172.2871, inc = 173/600, computation time left = 0d 3h 48m 1.2364s
Time = 218.3639, inc = 219/600, computation time left = 0d 2h 41m 15.3022s
Time = 173.2888, inc = 174/600, computation time left = 0d 3h 47m 23.6065s
Time = 219.3656, inc = 220/600, computation time left = 0d 2h 41m 4.1845s
Time = 174.2905, inc = 175/600, computation time left = 0d 3h 47m 4.6923s
Time = 220.3673, inc = 221/600, computation time left = 0d 2h 40m 52.1631s
Time = 175.2922, inc = 176/600, computation time left = 0d 3h 46m 38.6007s
Time = 221.3689, inc = 222/600, computation time left = 0d 2h 40m 47.8492s
Time = 176.2938, inc = 177/600, computation time left = 0d 3h 46m 5.4082s
Time = 222.3706, inc = 223/600, computation time left = 0d 2h 40m 35.7452s
Time = 177.2955, inc = 178/600, computation time left = 0d 3h 45m 46.991s
Time = 223.3723, inc = 224/600, computation time left = 0d 2h 40m 28.662s
Time = 178.2972, inc = 179/600, computation time left = 0d 3h 45m 12.2515s
Time = 224.374, inc = 225/600, computation time left = 0d 2h 40m 21.122s
Time = 179.2988, inc = 180/600, computation time left = 0d 3h 44m 44.1268s
Time = 225.3756, inc = 226/600, computation time left = 0d 2h 40m 7.5589s
Time = 180.3005, inc = 181/600, computation time left = 0d 3h 44m 25.6098s
Time = 226.3773, inc = 227/600, computation time left = 0d 2h 39m 59.8525s
Time = 181.3022, inc = 182/600, computation time left = 0d 3h 43m 53.577s
Time = 227.379, inc = 228/600, computation time left = 0d 2h 39m 46.902s
Time = 182.3038, inc = 183/600, computation time left = 0d 3h 43m 32.6457s
Time = 228.3806, inc = 229/600, computation time left = 0d 2h 39m 30.3746s
Time = 183.3055, inc = 184/600, computation time left = 0d 3h 43m 17.0674s
Time = 229.3823, inc = 230/600, computation time left = 0d 2h 39m 4.9661s
Time = 230.384, inc = 231/600, computation time left = 0d 2h 38m 43.4798s
Time = 184.3072, inc = 185/600, computation time left = 0d 3h 43m 2.8724s
Time = 231.3856, inc = 232/600, computation time left = 0d 2h 38m 3.4935s
Time = 232.3873, inc = 233/600, computation time left = 0d 2h 37m 42.125s
Time = 185.3088, inc = 186/600, computation time left = 0d 3h 42m 57.6048s
Time = 233.389, inc = 234/600, computation time left = 0d 2h 37m 0.7458s
Time = 186.3105, inc = 187/600, computation time left = 0d 3h 42m 37.0058s
Time = 234.3907, inc = 235/600, computation time left = 0d 2h 36m 46.5908s
Time = 235.3923, inc = 236/600, computation time left = 0d 2h 36m 24.9552s
Time = 187.3122, inc = 188/600, computation time left = 0d 3h 42m 28.8925s
Time = 236.394, inc = 237/600, computation time left = 0d 2h 35m 45.8764s
Time = 237.3957, inc = 238/600, computation time left = 0d 2h 35m 24.2139s
Time = 188.3139, inc = 189/600, computation time left = 0d 3h 42m 20.9404s
Time = 238.3973, inc = 239/600, computation time left = 0d 2h 34m 42.94s
Time = 239.399, inc = 240/600, computation time left = 0d 2h 34m 21.7383s
Time = 189.3155, inc = 190/600, computation time left = 0d 3h 42m 13.3062s
Time = 240.4007, inc = 241/600, computation time left = 0d 2h 33m 43.5758s
Time = 241.4023, inc = 242/600, computation time left = 0d 2h 33m 15.7909s
Time = 242.404, inc = 243/600, computation time left = 0d 2h 32m 33.0951s
Time = 190.3172, inc = 191/600, computation time left = 0d 3h 42m 28.2101s
Time = 243.4057, inc = 244/600, computation time left = 0d 2h 31m 50.6473s
Time = 244.4073, inc = 245/600, computation time left = 0d 2h 31m 15.5626s
Time = 191.3189, inc = 192/600, computation time left = 0d 3h 42m 36.0403s
Time = 245.409, inc = 246/600, computation time left = 0d 2h 30m 44.5842s
Time = 246.4107, inc = 247/600, computation time left = 0d 2h 30m 2.4664s
Time = 247.4124, inc = 248/600, computation time left = 0d 2h 29m 22.3142s
Time = 248.414, inc = 249/600, computation time left = 0d 2h 28m 42.8916s
Time = 249.4157, inc = 250/600, computation time left = 0d 2h 28m 8.7223s
Time = 192.3205, inc = 193/600, computation time left = 0d 3h 43m 9.3698s
Time = 193.3222, inc = 194/600, computation time left = 0d 3h 42m 28.9524s
Time = 250.4174, inc = 251/600, computation time left = 0d 2h 27m 56.489s
Time = 251.419, inc = 252/600, computation time left = 0d 2h 27m 33.6412s
Time = 252.4207, inc = 253/600, computation time left = 0d 2h 26m 52.3736s
Time = 194.3239, inc = 195/600, computation time left = 0d 3h 42m 45.9413s
Time = 253.4224, inc = 254/600, computation time left = 0d 2h 26m 11.5825s
Time = 254.424, inc = 255/600, computation time left = 0d 2h 25m 50.2948s
Time = 195.3255, inc = 196/600, computation time left = 0d 3h 42m 31.1163s
Time = 255.4257, inc = 256/600, computation time left = 0d 2h 25m 16.4918s
Time = 256.4274, inc = 257/600, computation time left = 0d 2h 24m 37.4077s
Time = 257.429, inc = 258/600, computation time left = 0d 2h 23m 57.4623s
Time = 258.4307, inc = 259/600, computation time left = 0d 2h 23m 25.4803s
Time = 196.3272, inc = 197/600, computation time left = 0d 3h 42m 52.099s
Time = 259.4324, inc = 260/600, computation time left = 0d 2h 23m 2.3138s
Time = 260.4341, inc = 261/600, computation time left = 0d 2h 22m 22.6468s
Time = 197.3289, inc = 198/600, computation time left = 0d 3h 43m 0.8883s
Time = 261.4357, inc = 262/600, computation time left = 0d 2h 21m 42.9855s
Time = 262.4374, inc = 263/600, computation time left = 0d 2h 21m 2.8871s
Time = 263.4391, inc = 264/600, computation time left = 0d 2h 20m 28.2282s
Time = 264.4407, inc = 265/600, computation time left = 0d 2h 19m 50.4598s
Time = 265.4424, inc = 266/600, computation time left = 0d 2h 19m 12.3073s
Time = 198.3306, inc = 199/600, computation time left = 0d 3h 43m 44.894s
Time = 266.4441, inc = 267/600, computation time left = 0d 2h 18m 35.2088s
Time = 199.3322, inc = 200/600, computation time left = 0d 3h 43m 12.7415s
Time = 267.4457, inc = 268/600, computation time left = 0d 2h 18m 17.0965s
Time = 268.4474, inc = 269/600, computation time left = 0d 2h 17m 56.1384s
Time = 200.3339, inc = 201/600, computation time left = 0d 3h 43m 4.3264s
Time = 269.4491, inc = 270/600, computation time left = 0d 2h 17m 25.1921s
Time = 270.4508, inc = 271/600, computation time left = 0d 2h 17m 1.5857s
Time = 271.4524, inc = 272/600, computation time left = 0d 2h 16m 23.2859s
Time = 201.3356, inc = 202/600, computation time left = 0d 3h 43m 9.0298s
Time = 272.4541, inc = 273/600, computation time left = 0d 2h 15m 45.2796s
Time = 273.4558, inc = 274/600, computation time left = 0d 2h 15m 8.7739s
Time = 274.4574, inc = 275/600, computation time left = 0d 2h 14m 30.4078s
Time = 275.4591, inc = 276/600, computation time left = 0d 2h 14m 1.986s
Time = 202.3372, inc = 203/600, computation time left = 0d 3h 43m 30.9342s
Time = 276.4608, inc = 277/600, computation time left = 0d 2h 13m 24.6982s
Time = 277.4624, inc = 278/600, computation time left = 0d 2h 13m 4.172s
Time = 203.3389, inc = 204/600, computation time left = 0d 3h 43m 14.7586s
Time = 278.4641, inc = 279/600, computation time left = 0d 2h 12m 31.7098s
Time = 279.4658, inc = 280/600, computation time left = 0d 2h 11m 55.0802s
Time = 280.4674, inc = 281/600, computation time left = 0d 2h 11m 21.5476s
Time = 281.4691, inc = 282/600, computation time left = 0d 2h 10m 49.2367s
Time = 204.3406, inc = 205/600, computation time left = 0d 3h 43m 32.8149s
Time = 205.3422, inc = 206/600, computation time left = 0d 3h 42m 50.5248s
Time = 282.4708, inc = 283/600, computation time left = 0d 2h 10m 33.395s
Time = 283.4725, inc = 284/600, computation time left = 0d 2h 10m 18.964s
Time = 206.3439, inc = 207/600, computation time left = 0d 3h 42m 29.6478s
Time = 284.4741, inc = 285/600, computation time left = 0d 2h 10m 3.8378s
Time = 207.3456, inc = 208/600, computation time left = 0d 3h 41m 53.1242s
Time = 285.4758, inc = 286/600, computation time left = 0d 2h 9m 51.3394s
Time = 208.3472, inc = 209/600, computation time left = 0d 3h 41m 19.2409s
Time = 286.4775, inc = 287/600, computation time left = 0d 2h 9m 38.0186s
Time = 209.3489, inc = 210/600, computation time left = 0d 3h 40m 46.4858s
Time = 210.3506, inc = 211/600, computation time left = 0d 3h 40m 3.7298s
Time = 287.4791, inc = 288/600, computation time left = 0d 2h 9m 34.1215s
Time = 211.3523, inc = 212/600, computation time left = 0d 3h 39m 22.187s
Time = 212.3539, inc = 213/600, computation time left = 0d 3h 38m 44.8132s
Time = 288.4808, inc = 289/600, computation time left = 0d 2h 9m 33.7487s
Time = 213.3556, inc = 214/600, computation time left = 0d 3h 38m 11.253s
Time = 289.4825, inc = 290/600, computation time left = 0d 2h 9m 21.1755s
Time = 290.4841, inc = 291/600, computation time left = 0d 2h 9m 0.3939s
Time = 291.4858, inc = 292/600, computation time left = 0d 2h 8m 28.3617s
Time = 214.3573, inc = 215/600, computation time left = 0d 3h 38m 6.7469s
Time = 215.3589, inc = 216/600, computation time left = 0d 3h 37m 24.7318s
Time = 292.4875, inc = 293/600, computation time left = 0d 2h 8m 12.7995s
Time = 216.3606, inc = 217/600, computation time left = 0d 3h 36m 45.0568s
Time = 293.4891, inc = 294/600, computation time left = 0d 2h 8m 3.4381s
Time = 217.3623, inc = 218/600, computation time left = 0d 3h 36m 24.1341s
Time = 294.4908, inc = 295/600, computation time left = 0d 2h 7m 46.8751s
Time = 218.3639, inc = 219/600, computation time left = 0d 3h 35m 46.9348s
Time = 295.4925, inc = 296/600, computation time left = 0d 2h 7m 34.2508s
Time = 219.3656, inc = 220/600, computation time left = 0d 3h 35m 6.6444s
Time = 296.4942, inc = 297/600, computation time left = 0d 2h 7m 21.7694s
Time = 297.4958, inc = 298/600, computation time left = 0d 2h 6m 54.5277s
Time = 220.3673, inc = 221/600, computation time left = 0d 3h 35m 7.0945s
Time = 298.4975, inc = 299/600, computation time left = 0d 2h 6m 18.2118s
Time = 299.4992, inc = 300/600, computation time left = 0d 2h 5m 56.8022s
Time = 221.3689, inc = 222/600, computation time left = 0d 3h 34m 43.3894s
Time = 300.5008, inc = 301/600, computation time left = 0d 2h 5m 26.4093s
Time = 301.5025, inc = 302/600, computation time left = 0d 2h 5m 4.6427s
Time = 222.3706, inc = 223/600, computation time left = 0d 3h 34m 22.2815s
Time = 302.5042, inc = 303/600, computation time left = 0d 2h 4m 30.1761s
Time = 303.5058, inc = 304/600, computation time left = 0d 2h 3m 56.0899s
Time = 304.5075, inc = 305/600, computation time left = 0d 2h 3m 20.758s
Time = 305.5092, inc = 306/600, computation time left = 0d 2h 2m 50.0074s
Time = 223.3723, inc = 224/600, computation time left = 0d 3h 34m 41.0822s
Time = 306.5109, inc = 307/600, computation time left = 0d 2h 2m 14.652s
Time = 307.5125, inc = 308/600, computation time left = 0d 2h 1m 39.6532s
Time = 308.5142, inc = 309/600, computation time left = 0d 2h 1m 5.7825s
Time = 309.5159, inc = 310/600, computation time left = 0d 2h 0m 36.8286s
Time = 224.374, inc = 225/600, computation time left = 0d 3h 34m 53.5619s
Time = 225.3756, inc = 226/600, computation time left = 0d 3h 34m 11.4208s
Time = 310.5175, inc = 311/600, computation time left = 0d 2h 0m 19.6718s
Time = 311.5192, inc = 312/600, computation time left = 0d 2h 0m 2.8294s
Time = 226.3773, inc = 227/600, computation time left = 0d 3h 33m 42.847s
Time = 312.5209, inc = 313/600, computation time left = 0d 1h 59m 44.3987s
Time = 227.379, inc = 228/600, computation time left = 0d 3h 33m 10.1673s
Time = 313.5225, inc = 314/600, computation time left = 0d 1h 59m 27.0235s
Time = 228.3806, inc = 229/600, computation time left = 0d 3h 32m 37.1676s
Time = 314.5242, inc = 315/600, computation time left = 0d 1h 59m 9.3373s
Time = 229.3823, inc = 230/600, computation time left = 0d 3h 32m 4.6998s
Time = 315.5259, inc = 316/600, computation time left = 0d 1h 58m 52.058s
Time = 230.384, inc = 231/600, computation time left = 0d 3h 31m 31.8525s
Time = 316.5275, inc = 317/600, computation time left = 0d 1h 58m 34.4211s
Time = 231.3856, inc = 232/600, computation time left = 0d 3h 30m 59.0491s
Time = 317.5292, inc = 318/600, computation time left = 0d 1h 58m 16.5328s
Time = 232.3873, inc = 233/600, computation time left = 0d 3h 30m 26.5175s
Time = 318.5309, inc = 319/600, computation time left = 0d 1h 57m 58.7865s
Time = 233.389, inc = 234/600, computation time left = 0d 3h 29m 53.6208s
Time = 319.5326, inc = 320/600, computation time left = 0d 1h 57m 40.8651s
Time = 234.3907, inc = 235/600, computation time left = 0d 3h 29m 21.2431s
Time = 320.5342, inc = 321/600, computation time left = 0d 1h 57m 27.7462s
Time = 235.3923, inc = 236/600, computation time left = 0d 3h 28m 40.0212s
Time = 321.5359, inc = 322/600, computation time left = 0d 1h 57m 10.6417s
Time = 236.394, inc = 237/600, computation time left = 0d 3h 28m 9.1092s
Time = 322.5376, inc = 323/600, computation time left = 0d 1h 56m 53.2251s
Time = 237.3957, inc = 238/600, computation time left = 0d 3h 27m 35.2089s
Time = 323.5392, inc = 324/600, computation time left = 0d 1h 56m 34.9663s
Time = 238.3973, inc = 239/600, computation time left = 0d 3h 27m 5.0445s
Time = 324.5409, inc = 325/600, computation time left = 0d 1h 56m 16.0445s
Time = 239.399, inc = 240/600, computation time left = 0d 3h 26m 37.371s
Time = 325.5426, inc = 326/600, computation time left = 0d 1h 55m 52.2794s
Time = 326.5442, inc = 327/600, computation time left = 0d 1h 55m 28.0425s
Time = 240.4007, inc = 241/600, computation time left = 0d 3h 26m 17.2076s
Time = 327.5459, inc = 328/600, computation time left = 0d 1h 55m 4.7077s
Time = 241.4023, inc = 242/600, computation time left = 0d 3h 25m 35.878s
Time = 328.5476, inc = 329/600, computation time left = 0d 1h 54m 51.0457s
Time = 242.404, inc = 243/600, computation time left = 0d 3h 24m 56.5145s
Time = 329.5492, inc = 330/600, computation time left = 0d 1h 54m 31.9638s
Time = 330.5509, inc = 331/600, computation time left = 0d 1h 53m 57.2014s
Time = 331.5526, inc = 332/600, computation time left = 0d 1h 53m 22.1935s
Time = 243.4057, inc = 244/600, computation time left = 0d 3h 24m 55.1631s
Time = 244.4073, inc = 245/600, computation time left = 0d 3h 24m 13.6388s
Time = 332.5543, inc = 333/600, computation time left = 0d 1h 53m 4.2496s
Time = 245.409, inc = 246/600, computation time left = 0d 3h 23m 38.4112s
Time = 333.5559, inc = 334/600, computation time left = 0d 1h 52m 46.2907s
Time = 246.4107, inc = 247/600, computation time left = 0d 3h 23m 0.406s
Time = 334.5576, inc = 335/600, computation time left = 0d 1h 52m 31.3324s
Time = 247.4124, inc = 248/600, computation time left = 0d 3h 22m 33.4902s
Time = 335.5593, inc = 336/600, computation time left = 0d 1h 52m 12.0591s
Time = 248.414, inc = 249/600, computation time left = 0d 3h 21m 56.8206s
Time = 336.5609, inc = 337/600, computation time left = 0d 1h 51m 52.681s
Time = 249.4157, inc = 250/600, computation time left = 0d 3h 21m 25.057s
Time = 337.5626, inc = 338/600, computation time left = 0d 1h 51m 34.4838s
Time = 250.4174, inc = 251/600, computation time left = 0d 3h 20m 43.8288s
Time = 338.5643, inc = 339/600, computation time left = 0d 1h 51m 22.4162s
Time = 251.419, inc = 252/600, computation time left = 0d 3h 20m 2.6522s
Time = 339.5659, inc = 340/600, computation time left = 0d 1h 51m 6.5258s
Time = 252.4207, inc = 253/600, computation time left = 0d 3h 19m 37.4981s
Time = 340.5676, inc = 341/600, computation time left = 0d 1h 50m 48.8544s
Time = 253.4224, inc = 254/600, computation time left = 0d 3h 18m 57.9214s
Time = 341.5693, inc = 342/600, computation time left = 0d 1h 50m 33.6305s
Time = 254.424, inc = 255/600, computation time left = 0d 3h 18m 19.6945s
Time = 342.571, inc = 343/600, computation time left = 0d 1h 50m 13.6913s
Time = 255.4257, inc = 256/600, computation time left = 0d 3h 17m 51.0034s
Time = 343.5726, inc = 344/600, computation time left = 0d 1h 49m 51.7227s
Time = 256.4274, inc = 257/600, computation time left = 0d 3h 17m 25.4662s
Time = 344.5743, inc = 345/600, computation time left = 0d 1h 49m 29.0226s
Time = 257.429, inc = 258/600, computation time left = 0d 3h 16m 44.2704s
Time = 345.576, inc = 346/600, computation time left = 0d 1h 49m 9.4576s
Time = 258.4307, inc = 259/600, computation time left = 0d 3h 16m 14.4784s
Time = 346.5776, inc = 347/600, computation time left = 0d 1h 48m 49.4329s
Time = 259.4324, inc = 260/600, computation time left = 0d 3h 15m 39.5613s
Time = 347.5793, inc = 348/600, computation time left = 0d 1h 48m 29.6541s
Time = 260.4341, inc = 261/600, computation time left = 0d 3h 15m 6.69s
Time = 348.581, inc = 349/600, computation time left = 0d 1h 48m 9.1391s
Time = 261.4357, inc = 262/600, computation time left = 0d 3h 14m 30.7726s
Time = 349.5826, inc = 350/600, computation time left = 0d 1h 47m 48.908s
Time = 262.4374, inc = 263/600, computation time left = 0d 3h 13m 56.3673s
Time = 350.5843, inc = 351/600, computation time left = 0d 1h 47m 33.0466s
Time = 263.4391, inc = 264/600, computation time left = 0d 3h 13m 16.0981s
Time = 351.586, inc = 352/600, computation time left = 0d 1h 47m 13.2892s
Time = 264.4407, inc = 265/600, computation time left = 0d 3h 12m 48.6816s
Time = 352.5876, inc = 353/600, computation time left = 0d 1h 46m 54.3053s
Time = 265.4424, inc = 266/600, computation time left = 0d 3h 12m 9.0706s
Time = 353.5893, inc = 354/600, computation time left = 0d 1h 46m 37.8972s
Time = 266.4441, inc = 267/600, computation time left = 0d 3h 11m 33.8138s
Time = 354.591, inc = 355/600, computation time left = 0d 1h 46m 21.2667s
Time = 267.4457, inc = 268/600, computation time left = 0d 3h 10m 56.4817s
Time = 268.4474, inc = 269/600, computation time left = 0d 3h 10m 22.2889s
Time = 355.5927, inc = 356/600, computation time left = 0d 1h 46m 2.5545s
Time = 269.4491, inc = 270/600, computation time left = 0d 3h 9m 41.09s
Time = 356.5943, inc = 357/600, computation time left = 0d 1h 45m 50.3572s
Time = 270.4508, inc = 271/600, computation time left = 0d 3h 9m 1.0791s
Time = 357.596, inc = 358/600, computation time left = 0d 1h 45m 33.8201s
Time = 271.4524, inc = 272/600, computation time left = 0d 3h 8m 34.3425s
Time = 358.5977, inc = 359/600, computation time left = 0d 1h 45m 12.6924s
Time = 272.4541, inc = 273/600, computation time left = 0d 3h 7m 59.0136s
Time = 359.5993, inc = 360/600, computation time left = 0d 1h 44m 51.6274s
Time = 273.4558, inc = 274/600, computation time left = 0d 3h 7m 26.3316s
Time = 360.601, inc = 361/600, computation time left = 0d 1h 44m 33.3893s
Time = 274.4574, inc = 275/600, computation time left = 0d 3h 6m 46.8875s
Time = 361.6027, inc = 362/600, computation time left = 0d 1h 44m 12.5744s
Time = 275.4591, inc = 276/600, computation time left = 0d 3h 6m 12.9737s
Time = 362.6043, inc = 363/600, computation time left = 0d 1h 43m 49.1201s
Time = 276.4608, inc = 277/600, computation time left = 0d 3h 5m 46.3581s
Time = 363.606, inc = 364/600, computation time left = 0d 1h 43m 27.4433s
Time = 277.4624, inc = 278/600, computation time left = 0d 3h 5m 8.2753s
Time = 364.6077, inc = 365/600, computation time left = 0d 1h 43m 10.3901s
Time = 278.4641, inc = 279/600, computation time left = 0d 3h 4m 28.02s
Time = 279.4658, inc = 280/600, computation time left = 0d 3h 3m 52.6371s
Time = 365.6093, inc = 366/600, computation time left = 0d 1h 42m 52.4802s
Time = 366.611, inc = 367/600, computation time left = 0d 1h 42m 30.9677s
Time = 280.4674, inc = 281/600, computation time left = 0d 3h 3m 22.7509s
Time = 367.6127, inc = 368/600, computation time left = 0d 1h 42m 9.2693s
Time = 281.4691, inc = 282/600, computation time left = 0d 3h 2m 47.7447s
Time = 368.6144, inc = 369/600, computation time left = 0d 1h 41m 48.7619s
Time = 282.4708, inc = 283/600, computation time left = 0d 3h 2m 13.0457s
Time = 369.616, inc = 370/600, computation time left = 0d 1h 41m 28.2369s
Time = 283.4725, inc = 284/600, computation time left = 0d 3h 1m 38.8002s
Time = 370.6177, inc = 371/600, computation time left = 0d 1h 40m 58.6482s
Time = 284.4741, inc = 285/600, computation time left = 0d 3h 1m 19.1255s
Time = 371.6194, inc = 372/600, computation time left = 0d 1h 40m 32.9404s
Time = 372.621, inc = 373/600, computation time left = 0d 1h 39m 58.976s
Time = 373.6227, inc = 374/600, computation time left = 0d 1h 39m 33.9016s
Time = 285.4758, inc = 286/600, computation time left = 0d 3h 0m 57.952s
Time = 374.6244, inc = 375/600, computation time left = 0d 1h 38m 58.2913s
Time = 375.626, inc = 376/600, computation time left = 0d 1h 38m 28.6167s
Time = 286.4775, inc = 287/600, computation time left = 0d 3h 0m 29.7654s
Time = 376.6277, inc = 377/600, computation time left = 0d 1h 37m 55.9921s
Time = 377.6294, inc = 378/600, computation time left = 0d 1h 37m 19.6268s
Time = 378.6311, inc = 379/600, computation time left = 0d 1h 36m 44.7524s
Time = 379.6327, inc = 380/600, computation time left = 0d 1h 36m 14.1662s
Time = 380.6344, inc = 381/600, computation time left = 0d 1h 35m 38.318s
Time = 287.4791, inc = 288/600, computation time left = 0d 3h 0m 15.4765s
Time = 381.6361, inc = 382/600, computation time left = 0d 1h 35m 10.3737s
Time = 288.4808, inc = 289/600, computation time left = 0d 2h 59m 32.3603s
Time = 382.6377, inc = 383/600, computation time left = 0d 1h 34m 46.5276s
Time = 289.4825, inc = 290/600, computation time left = 0d 2h 58m 49.5193s
Time = 383.6394, inc = 384/600, computation time left = 0d 1h 34m 10.9819s
Time = 384.6411, inc = 385/600, computation time left = 0d 1h 33m 39.7847s
Time = 385.6427, inc = 386/600, computation time left = 0d 1h 33m 9.2064s
Time = 386.6444, inc = 387/600, computation time left = 0d 1h 32m 34.5511s
Time = 290.4841, inc = 291/600, computation time left = 0d 2h 58m 43.5786s
Time = 387.6461, inc = 388/600, computation time left = 0d 1h 31m 59.4934s
Time = 388.6477, inc = 389/600, computation time left = 0d 1h 31m 25.6345s
Time = 389.6494, inc = 390/600, computation time left = 0d 1h 30m 56.583s
Time = 291.4858, inc = 292/600, computation time left = 0d 2h 58m 17.065s
Time = 390.6511, inc = 391/600, computation time left = 0d 1h 30m 24.1306s
Time = 391.6528, inc = 392/600, computation time left = 0d 1h 29m 55.2898s
Time = 292.4875, inc = 293/600, computation time left = 0d 2h 57m 45.6653s
Time = 392.6544, inc = 393/600, computation time left = 0d 1h 29m 23.7632s
Time = 393.6561, inc = 394/600, computation time left = 0d 1h 28m 51.7913s
Time = 394.6578, inc = 395/600, computation time left = 0d 1h 28m 23.2374s
Time = 293.4891, inc = 294/600, computation time left = 0d 2h 57m 15.5589s
Time = 395.6594, inc = 396/600, computation time left = 0d 1h 27m 48.8638s
Time = 396.6611, inc = 397/600, computation time left = 0d 1h 27m 15.9095s
Time = 397.6628, inc = 398/600, computation time left = 0d 1h 26m 46.9299s
Time = 294.4908, inc = 295/600, computation time left = 0d 2h 56m 54.3278s
Time = 398.6644, inc = 399/600, computation time left = 0d 1h 26m 18.3117s
Time = 295.4925, inc = 296/600, computation time left = 0d 2h 56m 9.5604s
Time = 399.6661, inc = 400/600, computation time left = 0d 1h 25m 54.3165s
Time = 296.4942, inc = 297/600, computation time left = 0d 2h 55m 29.3186s
Time = 400.6678, inc = 401/600, computation time left = 0d 1h 25m 27.9317s
Time = 401.6694, inc = 402/600, computation time left = 0d 1h 24m 59.3131s
Time = 402.6711, inc = 403/600, computation time left = 0d 1h 24m 25.5979s
Time = 297.4958, inc = 298/600, computation time left = 0d 2h 55m 6.8608s
Time = 403.6728, inc = 404/600, computation time left = 0d 1h 23m 53.4898s
Time = 404.6745, inc = 405/600, computation time left = 0d 1h 23m 25.7701s
Time = 298.4975, inc = 299/600, computation time left = 0d 2h 54m 37.2596s
Time = 405.6761, inc = 406/600, computation time left = 0d 1h 22m 55.2254s
Time = 406.6778, inc = 407/600, computation time left = 0d 1h 22m 27.5303s
Time = 299.4992, inc = 300/600, computation time left = 0d 2h 54m 4.5501s
Time = 407.6795, inc = 408/600, computation time left = 0d 1h 21m 57.1652s
Time = 300.5008, inc = 301/600, computation time left = 0d 2h 53m 19.9362s
Time = 408.6811, inc = 409/600, computation time left = 0d 1h 21m 33.2851s
Time = 409.6828, inc = 410/600, computation time left = 0d 1h 21m 5.6901s
Time = 410.6845, inc = 411/600, computation time left = 0d 1h 20m 32.6953s
Time = 411.6861, inc = 412/600, computation time left = 0d 1h 20m 0.044s
Time = 301.5025, inc = 302/600, computation time left = 0d 2h 53m 1.0275s
Time = 412.6878, inc = 413/600, computation time left = 0d 1h 19m 32.0383s
Time = 302.5042, inc = 303/600, computation time left = 0d 2h 52m 27.7793s
Time = 413.6895, inc = 414/600, computation time left = 0d 1h 19m 3.0818s
Time = 414.6912, inc = 415/600, computation time left = 0d 1h 18m 30.393s
Time = 415.6928, inc = 416/600, computation time left = 0d 1h 18m 1.6709s
Time = 416.6945, inc = 417/600, computation time left = 0d 1h 17m 32.0633s
Time = 303.5058, inc = 304/600, computation time left = 0d 2h 52m 3.4169s
Time = 417.6962, inc = 418/600, computation time left = 0d 1h 16m 59.6734s
Time = 418.6978, inc = 419/600, computation time left = 0d 1h 16m 28.2452s
Time = 419.6995, inc = 420/600, computation time left = 0d 1h 15m 57.3181s
Time = 420.7012, inc = 421/600, computation time left = 0d 1h 15m 25.2467s
Time = 421.7028, inc = 422/600, computation time left = 0d 1h 14m 54.2415s
Time = 422.7045, inc = 423/600, computation time left = 0d 1h 14m 23.1493s
Time = 304.5075, inc = 305/600, computation time left = 0d 2h 51m 57.4491s
Time = 423.7062, inc = 424/600, computation time left = 0d 1h 13m 51.6319s
Time = 424.7078, inc = 425/600, computation time left = 0d 1h 13m 21.9015s
Time = 305.5092, inc = 306/600, computation time left = 0d 2h 51m 30.0893s
Time = 425.7095, inc = 426/600, computation time left = 0d 1h 12m 54.97s
Time = 426.7112, inc = 427/600, computation time left = 0d 1h 12m 28.3268s
Time = 306.5109, inc = 307/600, computation time left = 0d 2h 50m 54.8489s
Time = 427.7129, inc = 428/600, computation time left = 0d 1h 12m 0.9065s
Time = 428.7145, inc = 429/600, computation time left = 0d 1h 11m 33.9049s
Time = 307.5125, inc = 308/600, computation time left = 0d 2h 50m 16.5948s
Time = 429.7162, inc = 430/600, computation time left = 0d 1h 11m 7.314s
Time = 308.5142, inc = 309/600, computation time left = 0d 2h 49m 38.4096s
Time = 430.7179, inc = 431/600, computation time left = 0d 1h 10m 44.877s
Time = 309.5159, inc = 310/600, computation time left = 0d 2h 48m 52.7223s
Time = 310.5175, inc = 311/600, computation time left = 0d 2h 48m 9.6638s
Time = 431.7195, inc = 432/600, computation time left = 0d 1h 10m 22.4906s
Time = 311.5192, inc = 312/600, computation time left = 0d 2h 47m 25.9899s
Time = 432.7212, inc = 433/600, computation time left = 0d 1h 10m 1.9441s
Time = 312.5209, inc = 313/600, computation time left = 0d 2h 46m 52.3985s
Time = 433.7229, inc = 434/600, computation time left = 0d 1h 9m 37.0148s
Time = 434.7245, inc = 435/600, computation time left = 0d 1h 9m 12.3293s
Time = 313.5225, inc = 314/600, computation time left = 0d 2h 46m 12.346s
Time = 314.5242, inc = 315/600, computation time left = 0d 2h 45m 31.1631s
Time = 435.7262, inc = 436/600, computation time left = 0d 1h 8m 48.8607s
Time = 315.5259, inc = 316/600, computation time left = 0d 2h 44m 45.3458s
Time = 436.7279, inc = 437/600, computation time left = 0d 1h 8m 27.7627s
Time = 316.5275, inc = 317/600, computation time left = 0d 2h 44m 2.6273s
Time = 437.7295, inc = 438/600, computation time left = 0d 1h 8m 7.3743s
Time = 317.5292, inc = 318/600, computation time left = 0d 2h 43m 23.2732s
Time = 318.5309, inc = 319/600, computation time left = 0d 2h 42m 42.0189s
Time = 438.7312, inc = 439/600, computation time left = 0d 1h 7m 45.6821s
Time = 439.7329, inc = 440/600, computation time left = 0d 1h 7m 18.5182s
Time = 319.5326, inc = 320/600, computation time left = 0d 2h 42m 7.4643s
Time = 440.7346, inc = 441/600, computation time left = 0d 1h 6m 53.676s
Time = 441.7362, inc = 442/600, computation time left = 0d 1h 6m 25.2923s
Time = 320.5342, inc = 321/600, computation time left = 0d 2h 41m 37.6991s
Time = 442.7379, inc = 443/600, computation time left = 0d 1h 5m 59.3214s
Time = 321.5359, inc = 322/600, computation time left = 0d 2h 40m 58.9419s
Time = 443.7396, inc = 444/600, computation time left = 0d 1h 5m 36.2497s
Time = 322.5376, inc = 323/600, computation time left = 0d 2h 40m 14.0844s
Time = 444.7412, inc = 445/600, computation time left = 0d 1h 5m 11.1168s
Time = 323.5392, inc = 324/600, computation time left = 0d 2h 39m 39.1171s
Time = 445.7429, inc = 446/600, computation time left = 0d 1h 4m 46.0212s
Time = 324.5409, inc = 325/600, computation time left = 0d 2h 38m 59.9656s
Time = 446.7446, inc = 447/600, computation time left = 0d 1h 4m 23.3555s
Time = 325.5426, inc = 326/600, computation time left = 0d 2h 38m 15.8633s
Time = 447.7462, inc = 448/600, computation time left = 0d 1h 3m 59.2072s
Time = 326.5442, inc = 327/600, computation time left = 0d 2h 37m 43.7923s
Time = 448.7479, inc = 449/600, computation time left = 0d 1h 3m 34.0509s
Time = 327.5459, inc = 328/600, computation time left = 0d 2h 37m 3.2963s
Time = 449.7496, inc = 450/600, computation time left = 0d 1h 3m 9.033s
Time = 450.7513, inc = 451/600, computation time left = 0d 1h 2m 44.1005s
Time = 328.5476, inc = 329/600, computation time left = 0d 2h 36m 26.1541s
Time = 451.7529, inc = 452/600, computation time left = 0d 1h 2m 17.4591s
Time = 329.5492, inc = 330/600, computation time left = 0d 2h 35m 48.6819s
Time = 452.7546, inc = 453/600, computation time left = 0d 1h 1m 53.4923s
Time = 330.5509, inc = 331/600, computation time left = 0d 2h 35m 6.7164s
Time = 453.7563, inc = 454/600, computation time left = 0d 1h 1m 29.1936s
Time = 331.5526, inc = 332/600, computation time left = 0d 2h 34m 32.1273s
Time = 454.7579, inc = 455/600, computation time left = 0d 1h 1m 4.0751s
Time = 332.5543, inc = 333/600, computation time left = 0d 2h 33m 53.4005s
Time = 455.7596, inc = 456/600, computation time left = 0d 1h 0m 40.4631s
Time = 333.5559, inc = 334/600, computation time left = 0d 2h 33m 10.0592s
Time = 456.7613, inc = 457/600, computation time left = 0d 1h 0m 16.6831s
Time = 334.5576, inc = 335/600, computation time left = 0d 2h 32m 29.5974s
Time = 457.7629, inc = 458/600, computation time left = 0d 0h 59m 51.1457s
Time = 335.5593, inc = 336/600, computation time left = 0d 2h 31m 52.1556s
Time = 336.5609, inc = 337/600, computation time left = 0d 2h 31m 9.7713s
Time = 458.7646, inc = 459/600, computation time left = 0d 0h 59m 30.1741s
Time = 337.5626, inc = 338/600, computation time left = 0d 2h 30m 30.3614s
Time = 459.7663, inc = 460/600, computation time left = 0d 0h 59m 8.0593s
Time = 338.5643, inc = 339/600, computation time left = 0d 2h 29m 56.0265s
Time = 460.7679, inc = 461/600, computation time left = 0d 0h 58m 43.2423s
Time = 339.5659, inc = 340/600, computation time left = 0d 2h 29m 16.5414s
Time = 461.7696, inc = 462/600, computation time left = 0d 0h 58m 19.0093s
Time = 340.5676, inc = 341/600, computation time left = 0d 2h 28m 33.0394s
Time = 462.7713, inc = 463/600, computation time left = 0d 0h 57m 56.6437s
Time = 341.5693, inc = 342/600, computation time left = 0d 2h 28m 0.6559s
Time = 463.773, inc = 464/600, computation time left = 0d 0h 57m 32.0306s
Time = 342.571, inc = 343/600, computation time left = 0d 2h 27m 17.9069s
Time = 464.7746, inc = 465/600, computation time left = 0d 0h 57m 9.8814s
Time = 343.5726, inc = 344/600, computation time left = 0d 2h 26m 34.8563s
Time = 344.5743, inc = 345/600, computation time left = 0d 2h 25m 55.026s
Time = 465.7763, inc = 466/600, computation time left = 0d 0h 56m 48.2332s
Time = 345.576, inc = 346/600, computation time left = 0d 2h 25m 15.7817s
Time = 466.778, inc = 467/600, computation time left = 0d 0h 56m 24.8475s
Time = 346.5776, inc = 347/600, computation time left = 0d 2h 24m 40.616s
Time = 467.7796, inc = 468/600, computation time left = 0d 0h 55m 59.4753s
Time = 468.7813, inc = 469/600, computation time left = 0d 0h 55m 31.6022s
Time = 469.783, inc = 470/600, computation time left = 0d 0h 55m 4.8646s
Time = 347.5793, inc = 348/600, computation time left = 0d 2h 24m 12.8387s
Time = 470.7846, inc = 471/600, computation time left = 0d 0h 54m 35.5554s
Time = 471.7863, inc = 472/600, computation time left = 0d 0h 54m 8.8221s
Time = 348.581, inc = 349/600, computation time left = 0d 2h 23m 44.4071s
Time = 472.788, inc = 473/600, computation time left = 0d 0h 53m 41.9908s
Time = 349.5826, inc = 350/600, computation time left = 0d 2h 23m 5.991s
Time = 473.7896, inc = 474/600, computation time left = 0d 0h 53m 15.3197s
Time = 474.7913, inc = 475/600, computation time left = 0d 0h 52m 47.2268s
Time = 475.793, inc = 476/600, computation time left = 0d 0h 52m 17.7939s
Time = 476.7947, inc = 477/600, computation time left = 0d 0h 51m 49.3089s
Time = 477.7963, inc = 478/600, computation time left = 0d 0h 51m 21.3497s
Time = 350.5843, inc = 351/600, computation time left = 0d 2h 22m 48.3271s
Time = 478.798, inc = 479/600, computation time left = 0d 0h 50m 52.124s
Time = 479.7997, inc = 480/600, computation time left = 0d 0h 50m 25.7182s
Time = 351.586, inc = 352/600, computation time left = 0d 2h 22m 16.341s
Time = 480.8013, inc = 481/600, computation time left = 0d 0h 49m 58.3393s
Time = 481.803, inc = 482/600, computation time left = 0d 0h 49m 30.7011s
Time = 352.5876, inc = 353/600, computation time left = 0d 2h 21m 40.7703s
Time = 482.8047, inc = 483/600, computation time left = 0d 0h 49m 5.6945s
Time = 353.5893, inc = 354/600, computation time left = 0d 2h 21m 2.4956s
Time = 483.8063, inc = 484/600, computation time left = 0d 0h 48m 40.8213s
Time = 484.808, inc = 485/600, computation time left = 0d 0h 48m 14.4055s
Time = 354.591, inc = 355/600, computation time left = 0d 2h 20m 30.5427s
Time = 485.8097, inc = 486/600, computation time left = 0d 0h 47m 48.9735s
Time = 355.5927, inc = 356/600, computation time left = 0d 2h 19m 50.0077s
Time = 486.8114, inc = 487/600, computation time left = 0d 0h 47m 25.4663s
Time = 356.5943, inc = 357/600, computation time left = 0d 2h 19m 9.1602s
Time = 357.596, inc = 358/600, computation time left = 0d 2h 18m 30.1283s
Time = 487.813, inc = 488/600, computation time left = 0d 0h 47m 1.8694s
Time = 488.8147, inc = 489/600, computation time left = 0d 0h 46m 35.4981s
Time = 358.5977, inc = 359/600, computation time left = 0d 2h 17m 55.6271s
Time = 359.5993, inc = 360/600, computation time left = 0d 2h 17m 13.6539s
Time = 489.8164, inc = 490/600, computation time left = 0d 0h 46m 12.9819s
Time = 490.818, inc = 491/600, computation time left = 0d 0h 45m 46.6686s
Time = 360.601, inc = 361/600, computation time left = 0d 2h 16m 39.2005s
Time = 491.8197, inc = 492/600, computation time left = 0d 0h 45m 21.7651s
Time = 361.6027, inc = 362/600, computation time left = 0d 2h 16m 6.0622s
Time = 492.8214, inc = 493/600, computation time left = 0d 0h 44m 56.795s
Time = 362.6043, inc = 363/600, computation time left = 0d 2h 15m 24.3599s
Time = 493.823, inc = 494/600, computation time left = 0d 0h 44m 32.4476s
Time = 363.606, inc = 364/600, computation time left = 0d 2h 14m 46.109s
Time = 494.8247, inc = 495/600, computation time left = 0d 0h 44m 8.0888s
Time = 364.6077, inc = 365/600, computation time left = 0d 2h 14m 11.9513s
Time = 495.8264, inc = 496/600, computation time left = 0d 0h 43m 43.0593s
Time = 496.828, inc = 497/600, computation time left = 0d 0h 43m 18.1158s
Time = 365.6093, inc = 366/600, computation time left = 0d 2h 13m 35.2256s
Time = 497.8297, inc = 498/600, computation time left = 0d 0h 42m 53.0099s
Time = 366.611, inc = 367/600, computation time left = 0d 2h 12m 58.5372s
Time = 498.8314, inc = 499/600, computation time left = 0d 0h 42m 28.8795s
Time = 367.6127, inc = 368/600, computation time left = 0d 2h 12m 19.5169s
Time = 368.6144, inc = 369/600, computation time left = 0d 2h 11m 41.4503s
Time = 499.8331, inc = 500/600, computation time left = 0d 0h 42m 4.8864s
Time = 369.616, inc = 370/600, computation time left = 0d 2h 11m 0.2185s
Time = 500.8347, inc = 501/600, computation time left = 0d 0h 41m 43.0111s
Time = 370.6177, inc = 371/600, computation time left = 0d 2h 10m 19.2642s
Time = 501.8364, inc = 502/600, computation time left = 0d 0h 41m 18.1861s
Time = 502.8381, inc = 503/600, computation time left = 0d 0h 40m 51.6299s
Time = 371.6194, inc = 372/600, computation time left = 0d 2h 9m 53.8347s
Time = 503.8397, inc = 504/600, computation time left = 0d 0h 40m 26.2078s
Time = 372.621, inc = 373/600, computation time left = 0d 2h 9m 12.9418s
Time = 504.8414, inc = 505/600, computation time left = 0d 0h 40m 0.9608s
Time = 373.6227, inc = 374/600, computation time left = 0d 2h 8m 38.4227s
Time = 505.8431, inc = 506/600, computation time left = 0d 0h 39m 37.2383s
Time = 374.6244, inc = 375/600, computation time left = 0d 2h 7m 58.4046s
Time = 375.626, inc = 376/600, computation time left = 0d 2h 7m 20.6675s
Time = 506.8447, inc = 507/600, computation time left = 0d 0h 39m 13.0778s
Time = 507.8464, inc = 508/600, computation time left = 0d 0h 38m 48.0354s
Time = 376.6277, inc = 377/600, computation time left = 0d 2h 6m 46.1877s
Time = 508.8481, inc = 509/600, computation time left = 0d 0h 38m 22.0199s
Time = 377.6294, inc = 378/600, computation time left = 0d 2h 6m 10.7092s
Time = 509.8497, inc = 510/600, computation time left = 0d 0h 37m 56.7803s
Time = 378.6311, inc = 379/600, computation time left = 0d 2h 5m 33.3254s
Time = 510.8514, inc = 511/600, computation time left = 0d 0h 37m 33.2581s
Time = 379.6327, inc = 380/600, computation time left = 0d 2h 4m 52.9374s
Time = 380.6344, inc = 381/600, computation time left = 0d 2h 4m 14.7754s
Time = 511.8531, inc = 512/600, computation time left = 0d 0h 37m 9.5006s
Time = 512.8548, inc = 513/600, computation time left = 0d 0h 36m 43.2732s
Time = 381.6361, inc = 382/600, computation time left = 0d 2h 3m 40.8869s
Time = 513.8564, inc = 514/600, computation time left = 0d 0h 36m 18.1219s
Time = 382.6377, inc = 383/600, computation time left = 0d 2h 3m 4.6828s
Time = 514.8581, inc = 515/600, computation time left = 0d 0h 35m 54.9466s
Time = 383.6394, inc = 384/600, computation time left = 0d 2h 2m 24.5429s
Time = 515.8598, inc = 516/600, computation time left = 0d 0h 35m 28.7498s
Time = 384.6411, inc = 385/600, computation time left = 0d 2h 1m 49.9155s
Time = 516.8614, inc = 517/600, computation time left = 0d 0h 35m 3.7012s
Time = 385.6427, inc = 386/600, computation time left = 0d 2h 1m 16.7282s
Time = 517.8631, inc = 518/600, computation time left = 0d 0h 34m 38.7271s
Time = 386.6444, inc = 387/600, computation time left = 0d 2h 0m 38.6341s
Time = 518.8648, inc = 519/600, computation time left = 0d 0h 34m 14.2243s
Time = 387.6461, inc = 388/600, computation time left = 0d 2h 0m 1.4318s
Time = 519.8664, inc = 520/600, computation time left = 0d 0h 33m 51.0143s
Time = 388.6477, inc = 389/600, computation time left = 0d 1h 59m 21.8907s
Time = 389.6494, inc = 390/600, computation time left = 0d 1h 58m 44.6793s
Time = 520.8681, inc = 521/600, computation time left = 0d 0h 33m 27.1292s
Time = 390.6511, inc = 391/600, computation time left = 0d 1h 58m 6.792s
Time = 521.8698, inc = 522/600, computation time left = 0d 0h 33m 4.2934s
Time = 391.6528, inc = 392/600, computation time left = 0d 1h 57m 26.8711s
Time = 392.6544, inc = 393/600, computation time left = 0d 1h 56m 49.8543s
Time = 522.8715, inc = 523/600, computation time left = 0d 0h 32m 40.2949s
Time = 523.8731, inc = 524/600, computation time left = 0d 0h 32m 14.0473s
Time = 393.6561, inc = 394/600, computation time left = 0d 1h 56m 20.2541s
Time = 524.8748, inc = 525/600, computation time left = 0d 0h 31m 48.4319s
Time = 394.6578, inc = 395/600, computation time left = 0d 1h 55m 44.1615s
Time = 525.8765, inc = 526/600, computation time left = 0d 0h 31m 23.1005s
Time = 395.6594, inc = 396/600, computation time left = 0d 1h 55m 5.8233s
Time = 526.8781, inc = 527/600, computation time left = 0d 0h 30m 58.3178s
Time = 396.6611, inc = 397/600, computation time left = 0d 1h 54m 32.6278s
Time = 527.8798, inc = 528/600, computation time left = 0d 0h 30m 32.9784s
Time = 397.6628, inc = 398/600, computation time left = 0d 1h 53m 53.4178s
Time = 528.8815, inc = 529/600, computation time left = 0d 0h 30m 8.8053s
Time = 398.6644, inc = 399/600, computation time left = 0d 1h 53m 14.1343s
Time = 529.8831, inc = 530/600, computation time left = 0d 0h 29m 43.2832s
Time = 530.8848, inc = 531/600, computation time left = 0d 0h 29m 17.0875s
Time = 399.6661, inc = 400/600, computation time left = 0d 1h 52m 43.9348s
Time = 531.8865, inc = 532/600, computation time left = 0d 0h 28m 52.3511s
Time = 400.6678, inc = 401/600, computation time left = 0d 1h 52m 6.6626s
Time = 401.6694, inc = 402/600, computation time left = 0d 1h 51m 29.836s
Time = 532.8881, inc = 533/600, computation time left = 0d 0h 28m 27.6252s
Time = 402.6711, inc = 403/600, computation time left = 0d 1h 50m 50.7382s
Time = 533.8898, inc = 534/600, computation time left = 0d 0h 28m 3.6676s
Time = 403.6728, inc = 404/600, computation time left = 0d 1h 50m 13.6473s
Time = 534.8915, inc = 535/600, computation time left = 0d 0h 27m 38.1124s
Time = 404.6745, inc = 405/600, computation time left = 0d 1h 49m 41.0835s
Time = 535.8932, inc = 536/600, computation time left = 0d 0h 27m 13.5087s
Time = 405.6761, inc = 406/600, computation time left = 0d 1h 49m 2.3362s
Time = 406.6778, inc = 407/600, computation time left = 0d 1h 48m 24.2423s
Time = 536.8948, inc = 537/600, computation time left = 0d 0h 26m 49.4214s
Time = 407.6795, inc = 408/600, computation time left = 0d 1h 47m 47.9068s
Time = 537.8965, inc = 538/600, computation time left = 0d 0h 26m 25.3243s
Time = 408.6811, inc = 409/600, computation time left = 0d 1h 47m 9.8395s
Time = 538.8982, inc = 539/600, computation time left = 0d 0h 26m 0.8841s
Time = 409.6828, inc = 410/600, computation time left = 0d 1h 46m 37.5991s
Time = 539.8998, inc = 540/600, computation time left = 0d 0h 25m 35.8131s
Time = 410.6845, inc = 411/600, computation time left = 0d 1h 45m 59.8006s
Time = 540.9015, inc = 541/600, computation time left = 0d 0h 25m 11.0735s
Time = 411.6861, inc = 412/600, computation time left = 0d 1h 45m 22.7944s
Time = 412.6878, inc = 413/600, computation time left = 0d 1h 44m 45.5582s
Time = 541.9032, inc = 542/600, computation time left = 0d 0h 24m 47.1413s
Time = 413.6895, inc = 414/600, computation time left = 0d 1h 44m 7.0486s
Time = 414.6912, inc = 415/600, computation time left = 0d 1h 43m 31.7197s
Time = 542.9048, inc = 543/600, computation time left = 0d 0h 24m 22.7544s
Time = 543.9065, inc = 544/600, computation time left = 0d 0h 23m 57.6486s
Time = 415.6928, inc = 416/600, computation time left = 0d 1h 42m 58.3339s
Time = 544.9082, inc = 545/600, computation time left = 0d 0h 23m 32.4058s
Time = 416.6945, inc = 417/600, computation time left = 0d 1h 42m 22.0697s
Time = 417.6962, inc = 418/600, computation time left = 0d 1h 41m 45.6272s
Time = 545.9098, inc = 546/600, computation time left = 0d 0h 23m 7.2838s
Time = 418.6978, inc = 419/600, computation time left = 0d 1h 41m 8.2467s
Time = 546.9115, inc = 547/600, computation time left = 0d 0h 22m 42.5633s
Time = 419.6995, inc = 420/600, computation time left = 0d 1h 40m 35.6941s
Time = 547.9132, inc = 548/600, computation time left = 0d 0h 22m 17.1842s
Time = 420.7012, inc = 421/600, computation time left = 0d 1h 39m 57.5352s
Time = 548.9149, inc = 549/600, computation time left = 0d 0h 21m 51.6311s
Time = 421.7028, inc = 422/600, computation time left = 0d 1h 39m 22.3379s
Time = 549.9165, inc = 550/600, computation time left = 0d 0h 21m 27.0459s
Time = 422.7045, inc = 423/600, computation time left = 0d 1h 38m 45.6897s
Time = 550.9182, inc = 551/600, computation time left = 0d 0h 21m 1.5111s
Time = 423.7062, inc = 424/600, computation time left = 0d 1h 38m 12.8423s
Time = 551.9199, inc = 552/600, computation time left = 0d 0h 20m 36.3001s
Time = 424.7078, inc = 425/600, computation time left = 0d 1h 37m 35.8007s
Time = 425.7095, inc = 426/600, computation time left = 0d 1h 36m 59.736s
Time = 552.9215, inc = 553/600, computation time left = 0d 0h 20m 11.0363s
Time = 553.9232, inc = 554/600, computation time left = 0d 0h 19m 45.4315s
Time = 426.7112, inc = 427/600, computation time left = 0d 1h 36m 26.4883s
Time = 427.7129, inc = 428/600, computation time left = 0d 1h 35m 48.8048s
Time = 554.9249, inc = 555/600, computation time left = 0d 0h 19m 20.4506s
Time = 428.7145, inc = 429/600, computation time left = 0d 1h 35m 11.306s
Time = 555.9265, inc = 556/600, computation time left = 0d 0h 18m 54.9083s
Time = 429.7162, inc = 430/600, computation time left = 0d 1h 34m 36.2202s
Time = 430.7179, inc = 431/600, computation time left = 0d 1h 33m 59.3611s
Time = 556.9282, inc = 557/600, computation time left = 0d 0h 18m 30.5947s
slurmstepd: error: *** JOB 62500 ON shas0104 CANCELLED AT 2017-04-06T13:32:01 DUE TO TIME LIMIT ***
